#
# There is insufficient memory for the Java Runtime Environment to continue.
# Native memory allocation (mmap) failed to map 127926272 bytes for committing reserved memory.
# Possible reasons:
#   The system is out of physical RAM or swap space
#   The process is running with CompressedOops enabled, and the Java Heap may be blocking the growth of the native heap
# Possible solutions:
#   Reduce memory load on the system
#   Increase physical memory or swap space
#   Check if swap backing store is full
#   Decrease Java heap size (-Xmx/-Xms)
#   Decrease number of Java threads
#   Decrease Java thread stack sizes (-Xss)
#   Set larger code cache with -XX:ReservedCodeCacheSize=
# This output file may be truncated or incomplete.
#
#  Out of Memory Error (os_linux.cpp:2893), pid=25775, tid=25779
#
# JRE version:  (11.0.4+11) (build )
# Java VM: OpenJDK 64-Bit Server VM (11.0.4+11-post-Ubuntu-1ubuntu218.04.3, mixed mode, aot, sharing, tiered, compressed oops, g1 gc, linux-amd64)
# Core dump will be written. Default location: Core dumps may be processed with "/usr/share/apport/apport %p %s %c %d %P" (or dumping to /home/student/pata_keja/core.25775)
#

---------------  S U M M A R Y ------------

Command Line: -Dfile.encoding=UTF-8 -Duser.country=US -Duser.language=en -Duser.variant App

Host: Intel(R) Core(TM) i7-7500U CPU @ 2.70GHz, 4 cores, 7G, Ubuntu 18.04.2 LTS
Time: Thu Aug 15 15:10:52 2019 EAT elapsed time: 0 seconds (0d 0h 0m 0s)

---------------  T H R E A D  ---------------

Current thread (0x00007f3184013000):  JavaThread "Unknown thread" [_thread_in_vm, id=25779, stack(0x00007f318e7e2000,0x00007f318e8e3000)]

Stack: [0x00007f318e7e2000,0x00007f318e8e3000],  sp=0x00007f318e8e12c0,  free space=1020k
Native frames: (J=compiled Java code, A=aot compiled Java code, j=interpreted, Vv=VM code, C=native code)
V  [libjvm.so+0xde4547]
V  [libjvm.so+0xde519b]
V  [libjvm.so+0x6511a5]
V  [libjvm.so+0xbbed38]
V  [libjvm.so+0xbb5ebd]
V  [libjvm.so+0x76f53f]
V  [libjvm.so+0x76f7ae]
V  [libjvm.so+0x77b820]
V  [libjvm.so+0x7f6969]
V  [libjvm.so+0x7f75c2]
V  [libjvm.so+0x7f7a29]
V  [libjvm.so+0x72de6f]
V  [libjvm.so+0x72e55d]
V  [libjvm.so+0xd9ea32]
V  [libjvm.so+0xd9ecc6]
V  [libjvm.so+0x80f907]
V  [libjvm.so+0xd7d627]
V  [libjvm.so+0x8c8611]  JNI_CreateJavaVM+0x51
C  [libjli.so+0x4a66]
C  [libjli.so+0x92cd]


---------------  P R O C E S S  ---------------

Threads class SMR info:
_java_thread_list=0x000055e89d56a030, length=0, elements={
}

Java Threads: ( => current thread )

Other Threads:
  0x00007f3184029000 GCTaskThread "GC Thread#0" [stack: 0x00007f318a7d6000,0x00007f318a8d6000] [id=25780]
  0x00007f3184059800 ConcurrentGCThread "G1 Main Marker" [stack: 0x00007f318977b000,0x00007f318987b000] [id=25781]
  0x00007f318405b000 ConcurrentGCThread "G1 Conc#0" [stack: 0x00007f3189679000,0x00007f3189779000] [id=25782]

[error occurred during error reporting (printing all threads), id 0xb, SIGSEGV (0xb) at pc=0x00007f318cdc4040]

VM state:not at safepoint (not fully initialized)

VM Mutex/Monitor currently owned by a thread:  ([mutex/lock_event])
[0x00007f318400f700] Heap_lock - owner thread: 0x00007f3184013000

Heap address: 0x0000000087200000, size: 1934 MB, Compressed Oops mode: Non-zero based: 0x0000000087200000
Narrow klass base: 0x0000000000000000, Narrow klass shift: 0

GC Heap History (0 events):
No events

Deoptimization events (0 events):
No events

Classes redefined (0 events):
No events

Internal exceptions (0 events):
No events

Events (0 events):
No events


Dynamic libraries:
8ec00000-100000000 ---p 00000000 00:00 0 
55e89d056000-55e89d057000 r-xp 00000000 103:02 4864676                   /usr/lib/jvm/java-11-openjdk-amd64/bin/java
55e89d257000-55e89d258000 r--p 00001000 103:02 4864676                   /usr/lib/jvm/java-11-openjdk-amd64/bin/java
55e89d258000-55e89d259000 rw-p 00002000 103:02 4864676                   /usr/lib/jvm/java-11-openjdk-amd64/bin/java
55e89d551000-55e89d572000 rw-p 00000000 00:00 0                          [heap]
7f3158000000-7f3158021000 rw-p 00000000 00:00 0 
7f3158021000-7f315c000000 ---p 00000000 00:00 0 
7f315e000000-7f3160000000 rw-p 00000000 00:00 0 
7f3160000000-7f3160021000 rw-p 00000000 00:00 0 
7f3160021000-7f3164000000 ---p 00000000 00:00 0 
7f3164390000-7f3168000000 ---p 00000000 00:00 0 
7f3168000000-7f3168021000 rw-p 00000000 00:00 0 
7f3168021000-7f316c000000 ---p 00000000 00:00 0 
7f316c956000-7f316cbc6000 rwxp 00000000 00:00 0 
7f316cbc6000-7f316cee6000 ---p 00000000 00:00 0 
7f316cee6000-7f316d156000 rwxp 00000000 00:00 0 
7f316d156000-7f317441e000 ---p 00000000 00:00 0 
7f317441e000-7f317468e000 rwxp 00000000 00:00 0 
7f317468e000-7f317b956000 ---p 00000000 00:00 0 
7f317b956000-7f3184000000 r--s 00000000 103:02 4864759                   /usr/lib/jvm/java-11-openjdk-amd64/lib/modules
7f3184000000-7f3184076000 rw-p 00000000 00:00 0 
7f3184076000-7f3188000000 ---p 00000000 00:00 0 
7f3189273000-7f3189677000 rw-p 00000000 00:00 0 
7f3189677000-7f3189678000 ---p 00000000 00:00 0 
7f3189678000-7f3189779000 rw-p 00000000 00:00 0 
7f3189779000-7f318977a000 ---p 00000000 00:00 0 
7f318977a000-7f318987b000 rw-p 00000000 00:00 0 
7f318987b000-7f318a3d0000 ---p 00000000 00:00 0 
7f318a3d0000-7f318a7d4000 rw-p 00000000 00:00 0 
7f318a7d4000-7f318a7d5000 ---p 00000000 00:00 0 
7f318a7d5000-7f318a8db000 rw-p 00000000 00:00 0 
7f318a8db000-7f318a9c1000 ---p 00000000 00:00 0 
7f318a9c1000-7f318a9c6000 rw-p 00000000 00:00 0 
7f318a9c6000-7f318aaac000 ---p 00000000 00:00 0 
7f318aaac000-7f318aab1000 r-xp 00000000 103:02 4864741                   /usr/lib/jvm/java-11-openjdk-amd64/lib/libjimage.so
7f318aab1000-7f318acb0000 ---p 00005000 103:02 4864741                   /usr/lib/jvm/java-11-openjdk-amd64/lib/libjimage.so
7f318acb0000-7f318acb1000 r--p 00004000 103:02 4864741                   /usr/lib/jvm/java-11-openjdk-amd64/lib/libjimage.so
7f318acb1000-7f318acb2000 rw-p 00005000 103:02 4864741                   /usr/lib/jvm/java-11-openjdk-amd64/lib/libjimage.so
7f318acb2000-7f318acb9000 r-xp 00000000 103:02 4864758                   /usr/lib/jvm/java-11-openjdk-amd64/lib/libzip.so
7f318acb9000-7f318aeb8000 ---p 00007000 103:02 4864758                   /usr/lib/jvm/java-11-openjdk-amd64/lib/libzip.so
7f318aeb8000-7f318aeb9000 r--p 00006000 103:02 4864758                   /usr/lib/jvm/java-11-openjdk-amd64/lib/libzip.so
7f318aeb9000-7f318aeba000 rw-p 00007000 103:02 4864758                   /usr/lib/jvm/java-11-openjdk-amd64/lib/libzip.so
7f318aeba000-7f318aec5000 r-xp 00000000 103:02 10359596                  /lib/x86_64-linux-gnu/libnss_files-2.27.so
7f318aec5000-7f318b0c4000 ---p 0000b000 103:02 10359596                  /lib/x86_64-linux-gnu/libnss_files-2.27.so
7f318b0c4000-7f318b0c5000 r--p 0000a000 103:02 10359596                  /lib/x86_64-linux-gnu/libnss_files-2.27.so
7f318b0c5000-7f318b0c6000 rw-p 0000b000 103:02 10359596                  /lib/x86_64-linux-gnu/libnss_files-2.27.so
7f318b0c6000-7f318b0cc000 rw-p 00000000 00:00 0 
7f318b0cc000-7f318b0e3000 r-xp 00000000 103:02 10359590                  /lib/x86_64-linux-gnu/libnsl-2.27.so
7f318b0e3000-7f318b2e2000 ---p 00017000 103:02 10359590                  /lib/x86_64-linux-gnu/libnsl-2.27.so
7f318b2e2000-7f318b2e3000 r--p 00016000 103:02 10359590                  /lib/x86_64-linux-gnu/libnsl-2.27.so
7f318b2e3000-7f318b2e4000 rw-p 00017000 103:02 10359590                  /lib/x86_64-linux-gnu/libnsl-2.27.so
7f318b2e4000-7f318b2e6000 rw-p 00000000 00:00 0 
7f318b2e6000-7f318b2f1000 r-xp 00000000 103:02 10359607                  /lib/x86_64-linux-gnu/libnss_nis-2.27.so
7f318b2f1000-7f318b4f0000 ---p 0000b000 103:02 10359607                  /lib/x86_64-linux-gnu/libnss_nis-2.27.so
7f318b4f0000-7f318b4f1000 r--p 0000a000 103:02 10359607                  /lib/x86_64-linux-gnu/libnss_nis-2.27.so
7f318b4f1000-7f318b4f2000 rw-p 0000b000 103:02 10359607                  /lib/x86_64-linux-gnu/libnss_nis-2.27.so
7f318b4f2000-7f318b4fa000 r-xp 00000000 103:02 10359592                  /lib/x86_64-linux-gnu/libnss_compat-2.27.so
7f318b4fa000-7f318b6fa000 ---p 00008000 103:02 10359592                  /lib/x86_64-linux-gnu/libnss_compat-2.27.so
7f318b6fa000-7f318b6fb000 r--p 00008000 103:02 10359592                  /lib/x86_64-linux-gnu/libnss_compat-2.27.so
7f318b6fb000-7f318b6fc000 rw-p 00009000 103:02 10359592                  /lib/x86_64-linux-gnu/libnss_compat-2.27.so
7f318b6fc000-7f318b725000 r-xp 00000000 103:02 4864737                   /usr/lib/jvm/java-11-openjdk-amd64/lib/libjava.so
7f318b725000-7f318b924000 ---p 00029000 103:02 4864737                   /usr/lib/jvm/java-11-openjdk-amd64/lib/libjava.so
7f318b924000-7f318b925000 r--p 00028000 103:02 4864737                   /usr/lib/jvm/java-11-openjdk-amd64/lib/libjava.so
7f318b925000-7f318b927000 rw-p 00029000 103:02 4864737                   /usr/lib/jvm/java-11-openjdk-amd64/lib/libjava.so
7f318b927000-7f318b934000 r-xp 00000000 103:02 4864757                   /usr/lib/jvm/java-11-openjdk-amd64/lib/libverify.so
7f318b934000-7f318bb33000 ---p 0000d000 103:02 4864757                   /usr/lib/jvm/java-11-openjdk-amd64/lib/libverify.so
7f318bb33000-7f318bb35000 r--p 0000c000 103:02 4864757                   /usr/lib/jvm/java-11-openjdk-amd64/lib/libverify.so
7f318bb35000-7f318bb36000 rw-p 0000e000 103:02 4864757                   /usr/lib/jvm/java-11-openjdk-amd64/lib/libverify.so
7f318bb36000-7f318bb3d000 r-xp 00000000 103:02 10359647                  /lib/x86_64-linux-gnu/librt-2.27.so
7f318bb3d000-7f318bd3c000 ---p 00007000 103:02 10359647                  /lib/x86_64-linux-gnu/librt-2.27.so
7f318bd3c000-7f318bd3d000 r--p 00006000 103:02 10359647                  /lib/x86_64-linux-gnu/librt-2.27.so
7f318bd3d000-7f318bd3e000 rw-p 00007000 103:02 10359647                  /lib/x86_64-linux-gnu/librt-2.27.so
7f318bd3e000-7f318bd55000 r-xp 00000000 103:02 10354874                  /lib/x86_64-linux-gnu/libgcc_s.so.1
7f318bd55000-7f318bf54000 ---p 00017000 103:02 10354874                  /lib/x86_64-linux-gnu/libgcc_s.so.1
7f318bf54000-7f318bf55000 r--p 00016000 103:02 10354874                  /lib/x86_64-linux-gnu/libgcc_s.so.1
7f318bf55000-7f318bf56000 rw-p 00017000 103:02 10354874                  /lib/x86_64-linux-gnu/libgcc_s.so.1
7f318bf56000-7f318c0f3000 r-xp 00000000 103:02 10359569                  /lib/x86_64-linux-gnu/libm-2.27.so
7f318c0f3000-7f318c2f2000 ---p 0019d000 103:02 10359569                  /lib/x86_64-linux-gnu/libm-2.27.so
7f318c2f2000-7f318c2f3000 r--p 0019c000 103:02 10359569                  /lib/x86_64-linux-gnu/libm-2.27.so
7f318c2f3000-7f318c2f4000 rw-p 0019d000 103:02 10359569                  /lib/x86_64-linux-gnu/libm-2.27.so
7f318c2f4000-7f318c46d000 r-xp 00000000 103:02 4849943                   /usr/lib/x86_64-linux-gnu/libstdc++.so.6.0.25
7f318c46d000-7f318c66d000 ---p 00179000 103:02 4849943                   /usr/lib/x86_64-linux-gnu/libstdc++.so.6.0.25
7f318c66d000-7f318c677000 r--p 00179000 103:02 4849943                   /usr/lib/x86_64-linux-gnu/libstdc++.so.6.0.25
7f318c677000-7f318c679000 rw-p 00183000 103:02 4849943                   /usr/lib/x86_64-linux-gnu/libstdc++.so.6.0.25
7f318c679000-7f318c67d000 rw-p 00000000 00:00 0 
7f318c67d000-7f318d749000 r-xp 00000000 103:02 4864762                   /usr/lib/jvm/java-11-openjdk-amd64/lib/server/libjvm.so
7f318d749000-7f318d948000 ---p 010cc000 103:02 4864762                   /usr/lib/jvm/java-11-openjdk-amd64/lib/server/libjvm.so
7f318d948000-7f318da05000 r--p 010cb000 103:02 4864762                   /usr/lib/jvm/java-11-openjdk-amd64/lib/server/libjvm.so
7f318da05000-7f318da3e000 rw-p 01188000 103:02 4864762                   /usr/lib/jvm/java-11-openjdk-amd64/lib/server/libjvm.so
7f318da3e000-7f318da94000 rw-p 00000000 00:00 0 
7f318da94000-7f318daae000 r-xp 00000000 103:02 10359639                  /lib/x86_64-linux-gnu/libpthread-2.27.so
7f318daae000-7f318dcad000 ---p 0001a000 103:02 10359639                  /lib/x86_64-linux-gnu/libpthread-2.27.so
7f318dcad000-7f318dcae000 r--p 00019000 103:02 10359639                  /lib/x86_64-linux-gnu/libpthread-2.27.so
7f318dcae000-7f318dcaf000 rw-p 0001a000 103:02 10359639                  /lib/x86_64-linux-gnu/libpthread-2.27.so
7f318dcaf000-7f318dcb3000 rw-p 00000000 00:00 0 
7f318dcb3000-7f318dcb6000 r-xp 00000000 103:02 10359529                  /lib/x86_64-linux-gnu/libdl-2.27.so
7f318dcb6000-7f318deb5000 ---p 00003000 103:02 10359529                  /lib/x86_64-linux-gnu/libdl-2.27.so
7f318deb5000-7f318deb6000 r--p 00002000 103:02 10359529                  /lib/x86_64-linux-gnu/libdl-2.27.so
7f318deb6000-7f318deb7000 rw-p 00003000 103:02 10359529                  /lib/x86_64-linux-gnu/libdl-2.27.so
7f318deb7000-7f318ded3000 r-xp 00000000 103:02 10359678                  /lib/x86_64-linux-gnu/libz.so.1.2.11
7f318ded3000-7f318e0d2000 ---p 0001c000 103:02 10359678                  /lib/x86_64-linux-gnu/libz.so.1.2.11
7f318e0d2000-7f318e0d3000 r--p 0001b000 103:02 10359678                  /lib/x86_64-linux-gnu/libz.so.1.2.11
7f318e0d3000-7f318e0d4000 rw-p 0001c000 103:02 10359678                  /lib/x86_64-linux-gnu/libz.so.1.2.11
7f318e0d4000-7f318e2bb000 r-xp 00000000 103:02 10359506                  /lib/x86_64-linux-gnu/libc-2.27.so
7f318e2bb000-7f318e4bb000 ---p 001e7000 103:02 10359506                  /lib/x86_64-linux-gnu/libc-2.27.so
7f318e4bb000-7f318e4bf000 r--p 001e7000 103:02 10359506                  /lib/x86_64-linux-gnu/libc-2.27.so
7f318e4bf000-7f318e4c1000 rw-p 001eb000 103:02 10359506                  /lib/x86_64-linux-gnu/libc-2.27.so
7f318e4c1000-7f318e4c5000 rw-p 00000000 00:00 0 
7f318e4c5000-7f318e4d5000 r-xp 00000000 103:02 4864721                   /usr/lib/jvm/java-11-openjdk-amd64/lib/jli/libjli.so
7f318e4d5000-7f318e6d4000 ---p 00010000 103:02 4864721                   /usr/lib/jvm/java-11-openjdk-amd64/lib/jli/libjli.so
7f318e6d4000-7f318e6d5000 r--p 0000f000 103:02 4864721                   /usr/lib/jvm/java-11-openjdk-amd64/lib/jli/libjli.so
7f318e6d5000-7f318e6d6000 rw-p 00010000 103:02 4864721                   /usr/lib/jvm/java-11-openjdk-amd64/lib/jli/libjli.so
7f318e6d6000-7f318e6fd000 r-xp 00000000 103:02 10359478                  /lib/x86_64-linux-gnu/ld-2.27.so
7f318e795000-7f318e7db000 rw-p 00000000 00:00 0 
7f318e7db000-7f318e7e2000 ---p 00000000 00:00 0 
7f318e7e2000-7f318e7e6000 ---p 00000000 00:00 0 
7f318e7e6000-7f318e8e5000 rw-p 00000000 00:00 0 
7f318e8ef000-7f318e8f1000 r--s 00007000 103:02 5248367                   /usr/share/java/java-atk-wrapper.jar
7f318e8f1000-7f318e8f9000 rw-s 00000000 103:02 2753497                   /tmp/hsperfdata_student/25775
7f318e8f9000-7f318e8fa000 ---p 00000000 00:00 0 
7f318e8fa000-7f318e8fb000 r--p 00000000 00:00 0 
7f318e8fb000-7f318e8fd000 rw-p 00000000 00:00 0 
7f318e8fd000-7f318e8fe000 r--p 00027000 103:02 10359478                  /lib/x86_64-linux-gnu/ld-2.27.so
7f318e8fe000-7f318e8ff000 rw-p 00028000 103:02 10359478                  /lib/x86_64-linux-gnu/ld-2.27.so
7f318e8ff000-7f318e900000 rw-p 00000000 00:00 0 
7ffec5b69000-7ffec5b8c000 rw-p 00000000 00:00 0                          [stack]
7ffec5bf7000-7ffec5bfa000 r--p 00000000 00:00 0                          [vvar]
7ffec5bfa000-7ffec5bfb000 r-xp 00000000 00:00 0                          [vdso]
ffffffffff600000-ffffffffff601000 r-xp 00000000 00:00 0                  [vsyscall]


VM Arguments:
jvm_args: -Dfile.encoding=UTF-8 -Duser.country=US -Duser.language=en -Duser.variant 
java_command: App
java_class_path (initial): /home/student/pata_keja/build/classes/java/main:/home/student/pata_keja/build/resources/main:/home/student/.gradle/caches/modules-2/files-2.1/com.sparkjava/spark-template-handlebars/2.5.5/6b7bffecca1d9343fac373d4183b2bce1a0f5fb5/spark-template-handlebars-2.5.5.jar:/home/student/.gradle/caches/modules-2/files-2.1/com.sparkjava/spark-core/2.6.0/a6cb0e70a18dd4f457cd7217222956da6db7ca23/spark-core-2.6.0.jar:/home/student/.gradle/caches/modules-2/files-2.1/org.slf4j/slf4j-simple/1.7.21/be4b3c560a37e69b6c58278116740db28832232c/slf4j-simple-1.7.21.jar:/home/student/.gradle/caches/modules-2/files-2.1/com.github.jknack/handlebars-guava-cache/4.0.6/6e746e6f36ce5a8b63efcd68ac6fa48a8e85bd90/handlebars-guava-cache-4.0.6.jar:/home/student/.gradle/caches/modules-2/files-2.1/com.github.jknack/handlebars/4.0.6/ccf00179b6648523e5c64b9b5fb783d89e42401b/handlebars-4.0.6.jar:/home/student/.gradle/caches/modules-2/files-2.1/org.slf4j/slf4j-api/1.7.21/139535a69a4239db087de9bab0bee568bf8e0b70/slf4j-api-1.7.21.jar:/home/student/.gradle/caches/modules-2/files-2.1/org.eclipse.jetty/jetty-webapp/9.4.4.v20170414/d2a10c903d5f1894275097d7a0dd7ddb561ec2ec/jetty-webapp-9.4.4.v20170414.jar:/home/student/.gradle/caches/modules-2/files-2.1/org.eclipse.jetty.websocket/websocket-server/9.4.4.v20170414/7f454a57892d32f758267a04fe0d60af86e1676e/websocket-server-9.4.4.v20170414.jar:/home/student/.gradle/caches/modules-2/files-2.1/org.eclipse.jetty/jetty-servlet/9.4.4.v20170414/89ea5480d499a95eff0fc10d82244e740e673bd/jetty-servlet-9.4.4.v20170414.jar:/home/student/.gradle/caches/modules-2/files-2.1/org.eclipse.jetty/jetty-security/9.4.4.v20170414/df8cc123fb574607f9c5af471ac1b20d82769563/jetty-security-9.4.4.v20170414.jar:/home/student/.gradle/caches/modules-2/files-2.1/org.eclipse.jetty/jetty-server/9.4.4.v20170414/d968aa111177962d476cb665e43fcbc3b9835bdf/jetty-server-9.4.4.v20170414.jar:/home/student/.gradle/caches/modules-2/files-2.1/org.eclipse.jetty.websocket/websocket-servle
Launcher Type: SUN_STANDARD

[Global flags]
     intx CICompilerCount                          = 3                                         {product} {ergonomic}
     uint ConcGCThreads                            = 1                                         {product} {ergonomic}
     uint G1ConcRefinementThreads                  = 4                                         {product} {ergonomic}
   size_t G1HeapRegionSize                         = 1048576                                   {product} {ergonomic}
    uintx GCDrainStackTargetSize                   = 64                                        {product} {ergonomic}
   size_t InitialHeapSize                          = 127926272                                 {product} {ergonomic}
   size_t MarkStackSize                            = 4194304                                   {product} {ergonomic}
   size_t MaxHeapSize                              = 2027945984                                {product} {ergonomic}
   size_t MinHeapDeltaBytes                        = 1048576                                   {product} {ergonomic}
    uintx NonNMethodCodeHeapSize                   = 5830092                                {pd product} {ergonomic}
    uintx NonProfiledCodeHeapSize                  = 122914074                              {pd product} {ergonomic}
    uintx ProfiledCodeHeapSize                     = 122914074                              {pd product} {ergonomic}
    uintx ReservedCodeCacheSize                    = 251658240                              {pd product} {ergonomic}
     bool SegmentedCodeCache                       = true                                      {product} {ergonomic}
     bool UseCompressedClassPointers               = true                                 {lp64_product} {ergonomic}
     bool UseCompressedOops                        = true                                 {lp64_product} {ergonomic}
     bool UseG1GC                                  = true                                      {product} {ergonomic}

Logging:
Log output configuration:
 #0: stdout all=warning uptime,level,tags
 #1: stderr all=off uptime,level,tags

Environment Variables:
JAVA_HOME=/usr/lib/jvm/default-java
PATH=/home/student/.sdkman/candidates/gradle/current/bin:/home/student/.sdkman/candidates/ant/current/bin:/opt/maven/bin:/usr/local/sbin:/usr/local/bin:/usr/sbin:/usr/bin:/sbin:/bin:/usr/games:/usr/local/games:/snap/bin
USERNAME=student
SHELL=/bin/bash
DISPLAY=:0

Signal Handlers:
SIGSEGV: [libjvm.so+0xde5f50], sa_mask[0]=11111111011111111101111111111110, sa_flags=SA_RESTART|SA_SIGINFO
SIGBUS: [libjvm.so+0xde5f50], sa_mask[0]=11111111011111111101111111111110, sa_flags=SA_RESTART|SA_SIGINFO
SIGFPE: [libjvm.so+0xde5f50], sa_mask[0]=11111111011111111101111111111110, sa_flags=SA_RESTART|SA_SIGINFO
SIGPIPE: [libjvm.so+0xbba5b0], sa_mask[0]=11111111011111111101111111111110, sa_flags=SA_RESTART|SA_SIGINFO
SIGXFSZ: [libjvm.so+0xbba5b0], sa_mask[0]=11111111011111111101111111111110, sa_flags=SA_RESTART|SA_SIGINFO
SIGILL: [libjvm.so+0xde5f50], sa_mask[0]=11111111011111111101111111111110, sa_flags=SA_RESTART|SA_SIGINFO
SIGUSR2: [libjvm.so+0xbba450], sa_mask[0]=00100000000000000000000000000000, sa_flags=SA_RESTART|SA_SIGINFO
SIGHUP: SIG_DFL, sa_mask[0]=00000000000000000000000000000000, sa_flags=none
SIGINT: SIG_DFL, sa_mask[0]=00000000000000000000000000000000, sa_flags=none
SIGTERM: SIG_DFL, sa_mask[0]=00000000000000000000000000000000, sa_flags=none
SIGQUIT: SIG_DFL, sa_mask[0]=00000000000000000000000000000000, sa_flags=none


---------------  S Y S T E M  ---------------

OS:DISTRIB_ID=Ubuntu
DISTRIB_RELEASE=18.04
DISTRIB_CODENAME=bionic
DISTRIB_DESCRIPTION="Ubuntu 18.04.2 LTS"
uname:Linux 5.0.0-23-generic #24~18.04.1-Ubuntu SMP Mon Jul 29 16:12:28 UTC 2019 x86_64
libc:glibc 2.27 NPTL 2.27 
rlimit: STACK 8192k, CORE 0k, NPROC 30747, NOFILE 1048576, AS infinity, DATA infinity, FSIZE infinity
load average:1.54 1.08 0.89

/proc/meminfo:
MemTotal:        7919064 kB
MemFree:          138532 kB
MemAvailable:      57276 kB
Buffers:            6188 kB
Cached:          1233196 kB
SwapCached:         3220 kB
Active:          6324352 kB
Inactive:        1014736 kB
Active(anon):    6293856 kB
Inactive(anon):   979076 kB
Active(file):      30496 kB
Inactive(file):    35660 kB
Unevictable:         604 kB
Mlocked:              48 kB
SwapTotal:       2097148 kB
SwapFree:             32 kB
Dirty:              2852 kB
Writeback:             0 kB
AnonPages:       6097728 kB
Mapped:           630224 kB
Shmem:           1172428 kB
KReclaimable:      51536 kB
Slab:             152976 kB
SReclaimable:      51536 kB
SUnreclaim:       101440 kB
KernelStack:       43824 kB
PageTables:       132376 kB
NFS_Unstable:          0 kB
Bounce:                0 kB
WritebackTmp:          0 kB
CommitLimit:     6056680 kB
Committed_AS:   25896956 kB
VmallocTotal:   34359738367 kB
VmallocUsed:           0 kB
VmallocChunk:          0 kB
Percpu:             1264 kB
HardwareCorrupted:     0 kB
AnonHugePages:         0 kB
ShmemHugePages:        0 kB
ShmemPmdMapped:        0 kB
CmaTotal:              0 kB
CmaFree:               0 kB
HugePages_Total:       0
HugePages_Free:        0
HugePages_Rsvd:        0
HugePages_Surp:        0
Hugepagesize:       2048 kB
Hugetlb:               0 kB
DirectMap4k:      402996 kB
DirectMap2M:     7737344 kB
DirectMap1G:           0 kB


/proc/sys/kernel/threads-max (system-wide limit on the number of threads):
61494


/proc/sys/vm/max_map_count (maximum number of memory map areas a process may have):
65530


/proc/sys/kernel/pid_max (system-wide limit on number of process identifiers):
32768



container (cgroup) information:
container_type: cgroupv1
cpu_cpuset_cpus: 0-3
cpu_memory_nodes: 0
active_processor_count: 4
cpu_quota: -1
cpu_period: 100000
cpu_shares: -1
memory_limit_in_bytes: -1
memory_and_swap_limit_in_bytes: -2
memory_soft_limit_in_bytes: -1
memory_usage_in_bytes: 7516143616
memory_max_usage_in_bytes: 372154368

Steal ticks since vm start: 0
Steal ticks percentage since vm start:  0.000

CPU:total 4 (initial active 4) (2 cores per cpu, 2 threads per core) family 6 model 142 stepping 9, cmov, cx8, fxsr, mmx, sse, sse2, sse3, ssse3, sse4.1, sse4.2, popcnt, avx, avx2, aes, clmul, erms, 3dnowpref, lzcnt, ht, tsc, tscinvbit, bmi1, bmi2, adx, fma
CPU Model and flags from /proc/cpuinfo:
model name	: Intel(R) Core(TM) i7-7500U CPU @ 2.70GHz
flags		: fpu vme de pse tsc msr pae mce cx8 apic sep mtrr pge mca cmov pat pse36 clflush dts acpi mmx fxsr sse sse2 ss ht tm pbe syscall nx pdpe1gb rdtscp lm constant_tsc art arch_perfmon pebs bts rep_good nopl xtopology nonstop_tsc cpuid aperfmperf tsc_known_freq pni pclmulqdq dtes64 monitor ds_cpl vmx est tm2 ssse3 sdbg fma cx16 xtpr pdcm pcid sse4_1 sse4_2 x2apic movbe popcnt tsc_deadline_timer aes xsave avx f16c rdrand lahf_lm abm 3dnowprefetch cpuid_fault epb invpcid_single pti ssbd ibrs ibpb stibp tpr_shadow vnmi flexpriority ept vpid ept_ad fsgsbase tsc_adjust bmi1 avx2 smep bmi2 erms invpcid mpx rdseed adx smap clflushopt intel_pt xsaveopt xsavec xgetbv1 xsaves dtherm ida arat pln pts hwp hwp_notify hwp_act_window hwp_epp md_clear flush_l1d

Memory: 4k page, physical 7919064k(138532k free), swap 2097148k(32k free)

vm_info: OpenJDK 64-Bit Server VM (11.0.4+11-post-Ubuntu-1ubuntu218.04.3) for linux-amd64 JRE (11.0.4+11-post-Ubuntu-1ubuntu218.04.3), built on Jul 18 2019 18:21:46 by "buildd" with gcc 7.4.0

END.
