#
# There is insufficient memory for the Java Runtime Environment to continue.
# Native memory allocation (mmap) failed to map 127926272 bytes for committing reserved memory.
# Possible reasons:
#   The system is out of physical RAM or swap space
#   The process is running with CompressedOops enabled, and the Java Heap may be blocking the growth of the native heap
# Possible solutions:
#   Reduce memory load on the system
#   Increase physical memory or swap space
#   Check if swap backing store is full
#   Decrease Java heap size (-Xmx/-Xms)
#   Decrease number of Java threads
#   Decrease Java thread stack sizes (-Xss)
#   Set larger code cache with -XX:ReservedCodeCacheSize=
# This output file may be truncated or incomplete.
#
#  Out of Memory Error (os_linux.cpp:2893), pid=25543, tid=25547
#
# JRE version:  (11.0.4+11) (build )
# Java VM: OpenJDK 64-Bit Server VM (11.0.4+11-post-Ubuntu-1ubuntu218.04.3, mixed mode, aot, sharing, tiered, compressed oops, g1 gc, linux-amd64)
# Core dump will be written. Default location: Core dumps may be processed with "/usr/share/apport/apport %p %s %c %d %P" (or dumping to /home/student/pata_keja/core.25543)
#

---------------  S U M M A R Y ------------

Command Line: -Dfile.encoding=UTF-8 -Duser.country=US -Duser.language=en -Duser.variant App

Host: Intel(R) Core(TM) i7-7500U CPU @ 2.70GHz, 4 cores, 7G, Ubuntu 18.04.2 LTS
Time: Thu Aug 15 15:09:39 2019 EAT elapsed time: 0 seconds (0d 0h 0m 0s)

---------------  T H R E A D  ---------------

Current thread (0x00007ff578013000):  JavaThread "Unknown thread" [_thread_in_vm, id=25547, stack(0x00007ff581cbf000,0x00007ff581dc0000)]

Stack: [0x00007ff581cbf000,0x00007ff581dc0000],  sp=0x00007ff581dbe2c0,  free space=1020k
Native frames: (J=compiled Java code, A=aot compiled Java code, j=interpreted, Vv=VM code, C=native code)
V  [libjvm.so+0xde4547]
V  [libjvm.so+0xde519b]
V  [libjvm.so+0x6511a5]
V  [libjvm.so+0xbbed38]
V  [libjvm.so+0xbb5ebd]
V  [libjvm.so+0x76f53f]
V  [libjvm.so+0x76f7ae]
V  [libjvm.so+0x77b820]
V  [libjvm.so+0x7f6969]
V  [libjvm.so+0x7f75c2]
V  [libjvm.so+0x7f7a29]
V  [libjvm.so+0x72de6f]
V  [libjvm.so+0x72e55d]
V  [libjvm.so+0xd9ea32]
V  [libjvm.so+0xd9ecc6]
V  [libjvm.so+0x80f907]
V  [libjvm.so+0xd7d627]
V  [libjvm.so+0x8c8611]  JNI_CreateJavaVM+0x51
C  [libjli.so+0x4a66]
C  [libjli.so+0x92cd]


---------------  P R O C E S S  ---------------

Threads class SMR info:
_java_thread_list=0x0000562ae5176030, length=0, elements={
}

Java Threads: ( => current thread )

Other Threads:
  0x00007ff578029000 GCTaskThread "GC Thread#0" [stack: 0x00007ff57dcb3000,0x00007ff57ddb3000] [id=25548]
  0x00007ff578059800 ConcurrentGCThread "G1 Main Marker" [stack: 0x00007ff57cc58000,0x00007ff57cd58000] [id=25549]
  0x00007ff57805b000 ConcurrentGCThread "G1 Conc#0" [stack: 0x00007ff57cb56000,0x00007ff57cc56000] [id=25550]

[error occurred during error reporting (printing all threads), id 0xb, SIGSEGV (0xb) at pc=0x00007ff5802a1040]

VM state:not at safepoint (not fully initialized)

VM Mutex/Monitor currently owned by a thread:  ([mutex/lock_event])
[0x00007ff57800f700] Heap_lock - owner thread: 0x00007ff578013000

Heap address: 0x0000000087200000, size: 1934 MB, Compressed Oops mode: Non-zero based: 0x0000000087200000
Narrow klass base: 0x0000000000000000, Narrow klass shift: 0

GC Heap History (0 events):
No events

Deoptimization events (0 events):
No events

Classes redefined (0 events):
No events

Internal exceptions (0 events):
No events

Events (0 events):
No events


Dynamic libraries:
8ec00000-100000000 ---p 00000000 00:00 0 
562ae4e67000-562ae4e68000 r-xp 00000000 103:02 4864676                   /usr/lib/jvm/java-11-openjdk-amd64/bin/java
562ae5068000-562ae5069000 r--p 00001000 103:02 4864676                   /usr/lib/jvm/java-11-openjdk-amd64/bin/java
562ae5069000-562ae506a000 rw-p 00002000 103:02 4864676                   /usr/lib/jvm/java-11-openjdk-amd64/bin/java
562ae515d000-562ae517e000 rw-p 00000000 00:00 0                          [heap]
7ff54c000000-7ff54c021000 rw-p 00000000 00:00 0 
7ff54c021000-7ff550000000 ---p 00000000 00:00 0 
7ff552000000-7ff554000000 rw-p 00000000 00:00 0 
7ff554000000-7ff554021000 rw-p 00000000 00:00 0 
7ff554021000-7ff558000000 ---p 00000000 00:00 0 
7ff558390000-7ff55c000000 ---p 00000000 00:00 0 
7ff55c000000-7ff55c021000 rw-p 00000000 00:00 0 
7ff55c021000-7ff560000000 ---p 00000000 00:00 0 
7ff560956000-7ff560bc6000 rwxp 00000000 00:00 0 
7ff560bc6000-7ff560ee6000 ---p 00000000 00:00 0 
7ff560ee6000-7ff561156000 rwxp 00000000 00:00 0 
7ff561156000-7ff56841e000 ---p 00000000 00:00 0 
7ff56841e000-7ff56868e000 rwxp 00000000 00:00 0 
7ff56868e000-7ff56f956000 ---p 00000000 00:00 0 
7ff56f956000-7ff578000000 r--s 00000000 103:02 4864759                   /usr/lib/jvm/java-11-openjdk-amd64/lib/modules
7ff578000000-7ff578076000 rw-p 00000000 00:00 0 
7ff578076000-7ff57c000000 ---p 00000000 00:00 0 
7ff57c750000-7ff57cb54000 rw-p 00000000 00:00 0 
7ff57cb54000-7ff57cb55000 ---p 00000000 00:00 0 
7ff57cb55000-7ff57cc56000 rw-p 00000000 00:00 0 
7ff57cc56000-7ff57cc57000 ---p 00000000 00:00 0 
7ff57cc57000-7ff57cd58000 rw-p 00000000 00:00 0 
7ff57cd58000-7ff57d8ad000 ---p 00000000 00:00 0 
7ff57d8ad000-7ff57dcb1000 rw-p 00000000 00:00 0 
7ff57dcb1000-7ff57dcb2000 ---p 00000000 00:00 0 
7ff57dcb2000-7ff57ddb8000 rw-p 00000000 00:00 0 
7ff57ddb8000-7ff57de9e000 ---p 00000000 00:00 0 
7ff57de9e000-7ff57dea3000 rw-p 00000000 00:00 0 
7ff57dea3000-7ff57df89000 ---p 00000000 00:00 0 
7ff57df89000-7ff57df8e000 r-xp 00000000 103:02 4864741                   /usr/lib/jvm/java-11-openjdk-amd64/lib/libjimage.so
7ff57df8e000-7ff57e18d000 ---p 00005000 103:02 4864741                   /usr/lib/jvm/java-11-openjdk-amd64/lib/libjimage.so
7ff57e18d000-7ff57e18e000 r--p 00004000 103:02 4864741                   /usr/lib/jvm/java-11-openjdk-amd64/lib/libjimage.so
7ff57e18e000-7ff57e18f000 rw-p 00005000 103:02 4864741                   /usr/lib/jvm/java-11-openjdk-amd64/lib/libjimage.so
7ff57e18f000-7ff57e196000 r-xp 00000000 103:02 4864758                   /usr/lib/jvm/java-11-openjdk-amd64/lib/libzip.so
7ff57e196000-7ff57e395000 ---p 00007000 103:02 4864758                   /usr/lib/jvm/java-11-openjdk-amd64/lib/libzip.so
7ff57e395000-7ff57e396000 r--p 00006000 103:02 4864758                   /usr/lib/jvm/java-11-openjdk-amd64/lib/libzip.so
7ff57e396000-7ff57e397000 rw-p 00007000 103:02 4864758                   /usr/lib/jvm/java-11-openjdk-amd64/lib/libzip.so
7ff57e397000-7ff57e3a2000 r-xp 00000000 103:02 10359596                  /lib/x86_64-linux-gnu/libnss_files-2.27.so
7ff57e3a2000-7ff57e5a1000 ---p 0000b000 103:02 10359596                  /lib/x86_64-linux-gnu/libnss_files-2.27.so
7ff57e5a1000-7ff57e5a2000 r--p 0000a000 103:02 10359596                  /lib/x86_64-linux-gnu/libnss_files-2.27.so
7ff57e5a2000-7ff57e5a3000 rw-p 0000b000 103:02 10359596                  /lib/x86_64-linux-gnu/libnss_files-2.27.so
7ff57e5a3000-7ff57e5a9000 rw-p 00000000 00:00 0 
7ff57e5a9000-7ff57e5c0000 r-xp 00000000 103:02 10359590                  /lib/x86_64-linux-gnu/libnsl-2.27.so
7ff57e5c0000-7ff57e7bf000 ---p 00017000 103:02 10359590                  /lib/x86_64-linux-gnu/libnsl-2.27.so
7ff57e7bf000-7ff57e7c0000 r--p 00016000 103:02 10359590                  /lib/x86_64-linux-gnu/libnsl-2.27.so
7ff57e7c0000-7ff57e7c1000 rw-p 00017000 103:02 10359590                  /lib/x86_64-linux-gnu/libnsl-2.27.so
7ff57e7c1000-7ff57e7c3000 rw-p 00000000 00:00 0 
7ff57e7c3000-7ff57e7ce000 r-xp 00000000 103:02 10359607                  /lib/x86_64-linux-gnu/libnss_nis-2.27.so
7ff57e7ce000-7ff57e9cd000 ---p 0000b000 103:02 10359607                  /lib/x86_64-linux-gnu/libnss_nis-2.27.so
7ff57e9cd000-7ff57e9ce000 r--p 0000a000 103:02 10359607                  /lib/x86_64-linux-gnu/libnss_nis-2.27.so
7ff57e9ce000-7ff57e9cf000 rw-p 0000b000 103:02 10359607                  /lib/x86_64-linux-gnu/libnss_nis-2.27.so
7ff57e9cf000-7ff57e9d7000 r-xp 00000000 103:02 10359592                  /lib/x86_64-linux-gnu/libnss_compat-2.27.so
7ff57e9d7000-7ff57ebd7000 ---p 00008000 103:02 10359592                  /lib/x86_64-linux-gnu/libnss_compat-2.27.so
7ff57ebd7000-7ff57ebd8000 r--p 00008000 103:02 10359592                  /lib/x86_64-linux-gnu/libnss_compat-2.27.so
7ff57ebd8000-7ff57ebd9000 rw-p 00009000 103:02 10359592                  /lib/x86_64-linux-gnu/libnss_compat-2.27.so
7ff57ebd9000-7ff57ec02000 r-xp 00000000 103:02 4864737                   /usr/lib/jvm/java-11-openjdk-amd64/lib/libjava.so
7ff57ec02000-7ff57ee01000 ---p 00029000 103:02 4864737                   /usr/lib/jvm/java-11-openjdk-amd64/lib/libjava.so
7ff57ee01000-7ff57ee02000 r--p 00028000 103:02 4864737                   /usr/lib/jvm/java-11-openjdk-amd64/lib/libjava.so
7ff57ee02000-7ff57ee04000 rw-p 00029000 103:02 4864737                   /usr/lib/jvm/java-11-openjdk-amd64/lib/libjava.so
7ff57ee04000-7ff57ee11000 r-xp 00000000 103:02 4864757                   /usr/lib/jvm/java-11-openjdk-amd64/lib/libverify.so
7ff57ee11000-7ff57f010000 ---p 0000d000 103:02 4864757                   /usr/lib/jvm/java-11-openjdk-amd64/lib/libverify.so
7ff57f010000-7ff57f012000 r--p 0000c000 103:02 4864757                   /usr/lib/jvm/java-11-openjdk-amd64/lib/libverify.so
7ff57f012000-7ff57f013000 rw-p 0000e000 103:02 4864757                   /usr/lib/jvm/java-11-openjdk-amd64/lib/libverify.so
7ff57f013000-7ff57f01a000 r-xp 00000000 103:02 10359647                  /lib/x86_64-linux-gnu/librt-2.27.so
7ff57f01a000-7ff57f219000 ---p 00007000 103:02 10359647                  /lib/x86_64-linux-gnu/librt-2.27.so
7ff57f219000-7ff57f21a000 r--p 00006000 103:02 10359647                  /lib/x86_64-linux-gnu/librt-2.27.so
7ff57f21a000-7ff57f21b000 rw-p 00007000 103:02 10359647                  /lib/x86_64-linux-gnu/librt-2.27.so
7ff57f21b000-7ff57f232000 r-xp 00000000 103:02 10354874                  /lib/x86_64-linux-gnu/libgcc_s.so.1
7ff57f232000-7ff57f431000 ---p 00017000 103:02 10354874                  /lib/x86_64-linux-gnu/libgcc_s.so.1
7ff57f431000-7ff57f432000 r--p 00016000 103:02 10354874                  /lib/x86_64-linux-gnu/libgcc_s.so.1
7ff57f432000-7ff57f433000 rw-p 00017000 103:02 10354874                  /lib/x86_64-linux-gnu/libgcc_s.so.1
7ff57f433000-7ff57f5d0000 r-xp 00000000 103:02 10359569                  /lib/x86_64-linux-gnu/libm-2.27.so
7ff57f5d0000-7ff57f7cf000 ---p 0019d000 103:02 10359569                  /lib/x86_64-linux-gnu/libm-2.27.so
7ff57f7cf000-7ff57f7d0000 r--p 0019c000 103:02 10359569                  /lib/x86_64-linux-gnu/libm-2.27.so
7ff57f7d0000-7ff57f7d1000 rw-p 0019d000 103:02 10359569                  /lib/x86_64-linux-gnu/libm-2.27.so
7ff57f7d1000-7ff57f94a000 r-xp 00000000 103:02 4849943                   /usr/lib/x86_64-linux-gnu/libstdc++.so.6.0.25
7ff57f94a000-7ff57fb4a000 ---p 00179000 103:02 4849943                   /usr/lib/x86_64-linux-gnu/libstdc++.so.6.0.25
7ff57fb4a000-7ff57fb54000 r--p 00179000 103:02 4849943                   /usr/lib/x86_64-linux-gnu/libstdc++.so.6.0.25
7ff57fb54000-7ff57fb56000 rw-p 00183000 103:02 4849943                   /usr/lib/x86_64-linux-gnu/libstdc++.so.6.0.25
7ff57fb56000-7ff57fb5a000 rw-p 00000000 00:00 0 
7ff57fb5a000-7ff580c26000 r-xp 00000000 103:02 4864762                   /usr/lib/jvm/java-11-openjdk-amd64/lib/server/libjvm.so
7ff580c26000-7ff580e25000 ---p 010cc000 103:02 4864762                   /usr/lib/jvm/java-11-openjdk-amd64/lib/server/libjvm.so
7ff580e25000-7ff580ee2000 r--p 010cb000 103:02 4864762                   /usr/lib/jvm/java-11-openjdk-amd64/lib/server/libjvm.so
7ff580ee2000-7ff580f1b000 rw-p 01188000 103:02 4864762                   /usr/lib/jvm/java-11-openjdk-amd64/lib/server/libjvm.so
7ff580f1b000-7ff580f71000 rw-p 00000000 00:00 0 
7ff580f71000-7ff580f8b000 r-xp 00000000 103:02 10359639                  /lib/x86_64-linux-gnu/libpthread-2.27.so
7ff580f8b000-7ff58118a000 ---p 0001a000 103:02 10359639                  /lib/x86_64-linux-gnu/libpthread-2.27.so
7ff58118a000-7ff58118b000 r--p 00019000 103:02 10359639                  /lib/x86_64-linux-gnu/libpthread-2.27.so
7ff58118b000-7ff58118c000 rw-p 0001a000 103:02 10359639                  /lib/x86_64-linux-gnu/libpthread-2.27.so
7ff58118c000-7ff581190000 rw-p 00000000 00:00 0 
7ff581190000-7ff581193000 r-xp 00000000 103:02 10359529                  /lib/x86_64-linux-gnu/libdl-2.27.so
7ff581193000-7ff581392000 ---p 00003000 103:02 10359529                  /lib/x86_64-linux-gnu/libdl-2.27.so
7ff581392000-7ff581393000 r--p 00002000 103:02 10359529                  /lib/x86_64-linux-gnu/libdl-2.27.so
7ff581393000-7ff581394000 rw-p 00003000 103:02 10359529                  /lib/x86_64-linux-gnu/libdl-2.27.so
7ff581394000-7ff5813b0000 r-xp 00000000 103:02 10359678                  /lib/x86_64-linux-gnu/libz.so.1.2.11
7ff5813b0000-7ff5815af000 ---p 0001c000 103:02 10359678                  /lib/x86_64-linux-gnu/libz.so.1.2.11
7ff5815af000-7ff5815b0000 r--p 0001b000 103:02 10359678                  /lib/x86_64-linux-gnu/libz.so.1.2.11
7ff5815b0000-7ff5815b1000 rw-p 0001c000 103:02 10359678                  /lib/x86_64-linux-gnu/libz.so.1.2.11
7ff5815b1000-7ff581798000 r-xp 00000000 103:02 10359506                  /lib/x86_64-linux-gnu/libc-2.27.so
7ff581798000-7ff581998000 ---p 001e7000 103:02 10359506                  /lib/x86_64-linux-gnu/libc-2.27.so
7ff581998000-7ff58199c000 r--p 001e7000 103:02 10359506                  /lib/x86_64-linux-gnu/libc-2.27.so
7ff58199c000-7ff58199e000 rw-p 001eb000 103:02 10359506                  /lib/x86_64-linux-gnu/libc-2.27.so
7ff58199e000-7ff5819a2000 rw-p 00000000 00:00 0 
7ff5819a2000-7ff5819b2000 r-xp 00000000 103:02 4864721                   /usr/lib/jvm/java-11-openjdk-amd64/lib/jli/libjli.so
7ff5819b2000-7ff581bb1000 ---p 00010000 103:02 4864721                   /usr/lib/jvm/java-11-openjdk-amd64/lib/jli/libjli.so
7ff581bb1000-7ff581bb2000 r--p 0000f000 103:02 4864721                   /usr/lib/jvm/java-11-openjdk-amd64/lib/jli/libjli.so
7ff581bb2000-7ff581bb3000 rw-p 00010000 103:02 4864721                   /usr/lib/jvm/java-11-openjdk-amd64/lib/jli/libjli.so
7ff581bb3000-7ff581bda000 r-xp 00000000 103:02 10359478                  /lib/x86_64-linux-gnu/ld-2.27.so
7ff581c72000-7ff581cb8000 rw-p 00000000 00:00 0 
7ff581cb8000-7ff581cbf000 ---p 00000000 00:00 0 
7ff581cbf000-7ff581cc3000 ---p 00000000 00:00 0 
7ff581cc3000-7ff581dc2000 rw-p 00000000 00:00 0 
7ff581dcc000-7ff581dce000 r--s 00007000 103:02 5248367                   /usr/share/java/java-atk-wrapper.jar
7ff581dce000-7ff581dd6000 rw-s 00000000 103:02 2753502                   /tmp/hsperfdata_student/25543
7ff581dd6000-7ff581dd7000 ---p 00000000 00:00 0 
7ff581dd7000-7ff581dd8000 r--p 00000000 00:00 0 
7ff581dd8000-7ff581dda000 rw-p 00000000 00:00 0 
7ff581dda000-7ff581ddb000 r--p 00027000 103:02 10359478                  /lib/x86_64-linux-gnu/ld-2.27.so
7ff581ddb000-7ff581ddc000 rw-p 00028000 103:02 10359478                  /lib/x86_64-linux-gnu/ld-2.27.so
7ff581ddc000-7ff581ddd000 rw-p 00000000 00:00 0 
7fff8806c000-7fff8808f000 rw-p 00000000 00:00 0                          [stack]
7fff881f0000-7fff881f3000 r--p 00000000 00:00 0                          [vvar]
7fff881f3000-7fff881f4000 r-xp 00000000 00:00 0                          [vdso]
ffffffffff600000-ffffffffff601000 r-xp 00000000 00:00 0                  [vsyscall]


VM Arguments:
jvm_args: -Dfile.encoding=UTF-8 -Duser.country=US -Duser.language=en -Duser.variant 
java_command: App
java_class_path (initial): /home/student/pata_keja/build/classes/java/main:/home/student/pata_keja/build/resources/main:/home/student/.gradle/caches/modules-2/files-2.1/com.sparkjava/spark-template-handlebars/2.5.5/6b7bffecca1d9343fac373d4183b2bce1a0f5fb5/spark-template-handlebars-2.5.5.jar:/home/student/.gradle/caches/modules-2/files-2.1/com.sparkjava/spark-core/2.6.0/a6cb0e70a18dd4f457cd7217222956da6db7ca23/spark-core-2.6.0.jar:/home/student/.gradle/caches/modules-2/files-2.1/org.slf4j/slf4j-simple/1.7.21/be4b3c560a37e69b6c58278116740db28832232c/slf4j-simple-1.7.21.jar:/home/student/.gradle/caches/modules-2/files-2.1/com.github.jknack/handlebars-guava-cache/4.0.6/6e746e6f36ce5a8b63efcd68ac6fa48a8e85bd90/handlebars-guava-cache-4.0.6.jar:/home/student/.gradle/caches/modules-2/files-2.1/com.github.jknack/handlebars/4.0.6/ccf00179b6648523e5c64b9b5fb783d89e42401b/handlebars-4.0.6.jar:/home/student/.gradle/caches/modules-2/files-2.1/org.slf4j/slf4j-api/1.7.21/139535a69a4239db087de9bab0bee568bf8e0b70/slf4j-api-1.7.21.jar:/home/student/.gradle/caches/modules-2/files-2.1/org.eclipse.jetty/jetty-webapp/9.4.4.v20170414/d2a10c903d5f1894275097d7a0dd7ddb561ec2ec/jetty-webapp-9.4.4.v20170414.jar:/home/student/.gradle/caches/modules-2/files-2.1/org.eclipse.jetty.websocket/websocket-server/9.4.4.v20170414/7f454a57892d32f758267a04fe0d60af86e1676e/websocket-server-9.4.4.v20170414.jar:/home/student/.gradle/caches/modules-2/files-2.1/org.eclipse.jetty/jetty-servlet/9.4.4.v20170414/89ea5480d499a95eff0fc10d82244e740e673bd/jetty-servlet-9.4.4.v20170414.jar:/home/student/.gradle/caches/modules-2/files-2.1/org.eclipse.jetty/jetty-security/9.4.4.v20170414/df8cc123fb574607f9c5af471ac1b20d82769563/jetty-security-9.4.4.v20170414.jar:/home/student/.gradle/caches/modules-2/files-2.1/org.eclipse.jetty/jetty-server/9.4.4.v20170414/d968aa111177962d476cb665e43fcbc3b9835bdf/jetty-server-9.4.4.v20170414.jar:/home/student/.gradle/caches/modules-2/files-2.1/org.eclipse.jetty.websocket/websocket-servle
Launcher Type: SUN_STANDARD

[Global flags]
     intx CICompilerCount                          = 3                                         {product} {ergonomic}
     uint ConcGCThreads                            = 1                                         {product} {ergonomic}
     uint G1ConcRefinementThreads                  = 4                                         {product} {ergonomic}
   size_t G1HeapRegionSize                         = 1048576                                   {product} {ergonomic}
    uintx GCDrainStackTargetSize                   = 64                                        {product} {ergonomic}
   size_t InitialHeapSize                          = 127926272                                 {product} {ergonomic}
   size_t MarkStackSize                            = 4194304                                   {product} {ergonomic}
   size_t MaxHeapSize                              = 2027945984                                {product} {ergonomic}
   size_t MinHeapDeltaBytes                        = 1048576                                   {product} {ergonomic}
    uintx NonNMethodCodeHeapSize                   = 5830092                                {pd product} {ergonomic}
    uintx NonProfiledCodeHeapSize                  = 122914074                              {pd product} {ergonomic}
    uintx ProfiledCodeHeapSize                     = 122914074                              {pd product} {ergonomic}
    uintx ReservedCodeCacheSize                    = 251658240                              {pd product} {ergonomic}
     bool SegmentedCodeCache                       = true                                      {product} {ergonomic}
     bool UseCompressedClassPointers               = true                                 {lp64_product} {ergonomic}
     bool UseCompressedOops                        = true                                 {lp64_product} {ergonomic}
     bool UseG1GC                                  = true                                      {product} {ergonomic}

Logging:
Log output configuration:
 #0: stdout all=warning uptime,level,tags
 #1: stderr all=off uptime,level,tags

Environment Variables:
JAVA_HOME=/usr/lib/jvm/default-java
PATH=/home/student/.sdkman/candidates/gradle/current/bin:/home/student/.sdkman/candidates/ant/current/bin:/opt/maven/bin:/usr/local/sbin:/usr/local/bin:/usr/sbin:/usr/bin:/sbin:/bin:/usr/games:/usr/local/games:/snap/bin
USERNAME=student
SHELL=/bin/bash
DISPLAY=:0

Signal Handlers:
SIGSEGV: [libjvm.so+0xde5f50], sa_mask[0]=11111111011111111101111111111110, sa_flags=SA_RESTART|SA_SIGINFO
SIGBUS: [libjvm.so+0xde5f50], sa_mask[0]=11111111011111111101111111111110, sa_flags=SA_RESTART|SA_SIGINFO
SIGFPE: [libjvm.so+0xde5f50], sa_mask[0]=11111111011111111101111111111110, sa_flags=SA_RESTART|SA_SIGINFO
SIGPIPE: [libjvm.so+0xbba5b0], sa_mask[0]=11111111011111111101111111111110, sa_flags=SA_RESTART|SA_SIGINFO
SIGXFSZ: [libjvm.so+0xbba5b0], sa_mask[0]=11111111011111111101111111111110, sa_flags=SA_RESTART|SA_SIGINFO
SIGILL: [libjvm.so+0xde5f50], sa_mask[0]=11111111011111111101111111111110, sa_flags=SA_RESTART|SA_SIGINFO
SIGUSR2: [libjvm.so+0xbba450], sa_mask[0]=00100000000000000000000000000000, sa_flags=SA_RESTART|SA_SIGINFO
SIGHUP: SIG_DFL, sa_mask[0]=00000000000000000000000000000000, sa_flags=none
SIGINT: SIG_DFL, sa_mask[0]=00000000000000000000000000000000, sa_flags=none
SIGTERM: SIG_DFL, sa_mask[0]=00000000000000000000000000000000, sa_flags=none
SIGQUIT: SIG_DFL, sa_mask[0]=00000000000000000000000000000000, sa_flags=none


---------------  S Y S T E M  ---------------

OS:DISTRIB_ID=Ubuntu
DISTRIB_RELEASE=18.04
DISTRIB_CODENAME=bionic
DISTRIB_DESCRIPTION="Ubuntu 18.04.2 LTS"
uname:Linux 5.0.0-23-generic #24~18.04.1-Ubuntu SMP Mon Jul 29 16:12:28 UTC 2019 x86_64
libc:glibc 2.27 NPTL 2.27 
rlimit: STACK 8192k, CORE 0k, NPROC 30747, NOFILE 1048576, AS infinity, DATA infinity, FSIZE infinity
load average:0.94 0.86 0.80

/proc/meminfo:
MemTotal:        7919064 kB
MemFree:          132104 kB
MemAvailable:      48244 kB
Buffers:            3268 kB
Cached:          1248132 kB
SwapCached:        19624 kB
Active:          6399820 kB
Inactive:         945496 kB
Active(anon):    6374048 kB
Inactive(anon):   910632 kB
Active(file):      25772 kB
Inactive(file):    34864 kB
Unevictable:         740 kB
Mlocked:              48 kB
SwapTotal:       2097148 kB
SwapFree:              0 kB
Dirty:               120 kB
Writeback:           172 kB
AnonPages:       6075496 kB
Mapped:           659924 kB
Shmem:           1190276 kB
KReclaimable:      51848 kB
Slab:             153536 kB
SReclaimable:      51848 kB
SUnreclaim:       101688 kB
KernelStack:       43568 kB
PageTables:       133460 kB
NFS_Unstable:          0 kB
Bounce:                0 kB
WritebackTmp:          0 kB
CommitLimit:     6056680 kB
Committed_AS:   26054192 kB
VmallocTotal:   34359738367 kB
VmallocUsed:           0 kB
VmallocChunk:          0 kB
Percpu:             1264 kB
HardwareCorrupted:     0 kB
AnonHugePages:         0 kB
ShmemHugePages:        0 kB
ShmemPmdMapped:        0 kB
CmaTotal:              0 kB
CmaFree:               0 kB
HugePages_Total:       0
HugePages_Free:        0
HugePages_Rsvd:        0
HugePages_Surp:        0
Hugepagesize:       2048 kB
Hugetlb:               0 kB
DirectMap4k:      402996 kB
DirectMap2M:     7737344 kB
DirectMap1G:           0 kB


/proc/sys/kernel/threads-max (system-wide limit on the number of threads):
61494


/proc/sys/vm/max_map_count (maximum number of memory map areas a process may have):
65530


/proc/sys/kernel/pid_max (system-wide limit on number of process identifiers):
32768



container (cgroup) information:
container_type: cgroupv1
cpu_cpuset_cpus: 0-3
cpu_memory_nodes: 0
active_processor_count: 4
cpu_quota: -1
cpu_period: 100000
cpu_shares: -1
memory_limit_in_bytes: -1
memory_and_swap_limit_in_bytes: -2
memory_soft_limit_in_bytes: -1
memory_usage_in_bytes: 7520972800
memory_max_usage_in_bytes: 367398912

Steal ticks since vm start: 0
Steal ticks percentage since vm start:  0.000

CPU:total 4 (initial active 4) (2 cores per cpu, 2 threads per core) family 6 model 142 stepping 9, cmov, cx8, fxsr, mmx, sse, sse2, sse3, ssse3, sse4.1, sse4.2, popcnt, avx, avx2, aes, clmul, erms, 3dnowpref, lzcnt, ht, tsc, tscinvbit, bmi1, bmi2, adx, fma
CPU Model and flags from /proc/cpuinfo:
model name	: Intel(R) Core(TM) i7-7500U CPU @ 2.70GHz
flags		: fpu vme de pse tsc msr pae mce cx8 apic sep mtrr pge mca cmov pat pse36 clflush dts acpi mmx fxsr sse sse2 ss ht tm pbe syscall nx pdpe1gb rdtscp lm constant_tsc art arch_perfmon pebs bts rep_good nopl xtopology nonstop_tsc cpuid aperfmperf tsc_known_freq pni pclmulqdq dtes64 monitor ds_cpl vmx est tm2 ssse3 sdbg fma cx16 xtpr pdcm pcid sse4_1 sse4_2 x2apic movbe popcnt tsc_deadline_timer aes xsave avx f16c rdrand lahf_lm abm 3dnowprefetch cpuid_fault epb invpcid_single pti ssbd ibrs ibpb stibp tpr_shadow vnmi flexpriority ept vpid ept_ad fsgsbase tsc_adjust bmi1 avx2 smep bmi2 erms invpcid mpx rdseed adx smap clflushopt intel_pt xsaveopt xsavec xgetbv1 xsaves dtherm ida arat pln pts hwp hwp_notify hwp_act_window hwp_epp md_clear flush_l1d

Memory: 4k page, physical 7919064k(132104k free), swap 2097148k(0k free)

vm_info: OpenJDK 64-Bit Server VM (11.0.4+11-post-Ubuntu-1ubuntu218.04.3) for linux-amd64 JRE (11.0.4+11-post-Ubuntu-1ubuntu218.04.3), built on Jul 18 2019 18:21:46 by "buildd" with gcc 7.4.0

END.
